2018-11-22 14:48:27,971 INFO  [Log] **************************************************************************************** 
2018-11-22 14:48:27,971 INFO  [Log] **************************************************************************************** 
2018-11-22 14:48:27,972 INFO  [Log] **************************************************************************************** 
2018-11-22 14:48:27,972 INFO  [Log] **************************************************************************************** 
2018-11-22 14:48:27,972 INFO  [Log] $$$$$$$$$$$$$$$$$$$$$                 E2E testcase       $$$$$$$$$$$$$$$$$$$$$$$$$ 
2018-11-22 14:48:27,973 INFO  [Log] $$$$$$$$$$$$$$$$$$$$$                 E2E testcase       $$$$$$$$$$$$$$$$$$$$$$$$$ 
2018-11-22 14:48:27,973 INFO  [Log] **************************************************************************************** 
2018-11-22 14:48:27,974 INFO  [Log] **************************************************************************************** 
2018-11-22 14:48:27,974 INFO  [Log] **************************************************************************************** 
2018-11-22 14:48:27,974 INFO  [Log] **************************************************************************************** 
2018-11-22 14:48:33,789 INFO  [Log] Chrome browser launcher 
2018-11-22 14:48:33,790 INFO  [Log] XXXXXXXXXXXXXXXXXXXXXXX             -E---N---D-             XXXXXXXXXXXXXXXXXXXXXX 
2018-11-22 14:48:33,790 INFO  [Log] X 
2018-11-22 14:48:33,790 INFO  [Log] X 
2018-11-22 14:48:33,790 INFO  [Log] X 
2018-11-22 14:48:33,791 INFO  [Log] X 
2018-11-22 14:48:40,320 INFO  [Log] XXXXXXXXXXXXXXXXXXXXXXX             -E---N---D-             XXXXXXXXXXXXXXXXXXXXXX 
2018-11-22 14:48:40,320 INFO  [Log] X 
2018-11-22 14:48:40,320 INFO  [Log] X 
2018-11-22 14:48:40,320 INFO  [Log] X 
2018-11-22 14:48:40,320 INFO  [Log] X 
